# JRE version: OpenJDK Runtime Environment (8.0_212-b01) (build 1.8.0_212-8u212-b01-1-b01)
# Java VM: OpenJDK 64-Bit Server VM (25.212-b01 mixed mode linux-amd64 compressed oops)
Heap:
 PSYoungGen      total 69632K, used 55732K [0x00000000fab00000, 0x0000000100000000, 0x0000000100000000)
  eden space 64512K, 78% used [0x00000000fab00000,0x00000000fdc714c0,0x00000000fea00000)
  from space 5120K, 99% used [0x00000000fea00000,0x00000000feefbbe8,0x00000000fef00000)
  to   space 8192K, 0% used [0x00000000ff800000,0x00000000ff800000,0x0000000100000000)
 ParOldGen       total 41472K, used 5619K [0x00000000f0000000, 0x00000000f2880000, 0x00000000fab00000)
  object space 41472K, 13% used [0x00000000f0000000,0x00000000f057cee0,0x00000000f2880000)
 Metaspace       used 24425K, capacity 24866K, committed 25088K, reserved 1071104K
  class space    used 2830K, capacity 2981K, committed 3072K, reserved 1048576K
GC Heap History (10 events):
Event: 2.104 GC heap before
{Heap before GC invocations=2 (full 0):
 PSYoungGen      total 37888K, used 7252K [0x00000000fab00000, 0x00000000fd500000, 0x0000000100000000)
  eden space 32768K, 6% used [0x00000000fab00000,0x00000000fad16ee8,0x00000000fcb00000)
  from space 5120K, 99% used [0x00000000fcb00000,0x00000000fcffe250,0x00000000fd000000)
  to   space 5120K, 0% used [0x00000000fd000000,0x00000000fd000000,0x00000000fd500000)
 ParOldGen       total 86016K, used 2256K [0x00000000f0000000, 0x00000000f5400000, 0x00000000fab00000)
  object space 86016K, 2% used [0x00000000f0000000,0x00000000f02341f8,0x00000000f5400000)
 Metaspace       used 20739K, capacity 21096K, committed 21296K, reserved 1069056K
  class space    used 2544K, capacity 2658K, committed 2688K, reserved 1048576K
Event: 2.108 GC heap after
Heap after GC invocations=2 (full 0):
 PSYoungGen      total 37888K, used 4850K [0x00000000fab00000, 0x00000000ff500000, 0x0000000100000000)
  eden space 32768K, 0% used [0x00000000fab00000,0x00000000fab00000,0x00000000fcb00000)
  from space 5120K, 94% used [0x00000000fd000000,0x00000000fd4bc840,0x00000000fd500000)
  to   space 5120K, 0% used [0x00000000fcb00000,0x00000000fcb00000,0x00000000fd000000)
 ParOldGen       total 86016K, used 2264K [0x00000000f0000000, 0x00000000f5400000, 0x00000000fab00000)
  object space 86016K, 2% used [0x00000000f0000000,0x00000000f02361f8,0x00000000f5400000)
 Metaspace       used 20739K, capacity 21096K, committed 21296K, reserved 1069056K
  class space    used 2544K, capacity 2658K, committed 2688K, reserved 1048576K
}
Event: 2.108 GC heap before
{Heap before GC invocations=3 (full 1):
 PSYoungGen      total 37888K, used 4850K [0x00000000fab00000, 0x00000000ff500000, 0x0000000100000000)
  eden space 32768K, 0% used [0x00000000fab00000,0x00000000fab00000,0x00000000fcb00000)
  from space 5120K, 94% used [0x00000000fd000000,0x00000000fd4bc840,0x00000000fd500000)
  to   space 5120K, 0% used [0x00000000fcb00000,0x00000000fcb00000,0x00000000fd000000)
 ParOldGen       total 86016K, used 2264K [0x00000000f0000000, 0x00000000f5400000, 0x00000000fab00000)
  object space 86016K, 2% used [0x00000000f0000000,0x00000000f02361f8,0x00000000f5400000)
 Metaspace       used 20739K, capacity 21096K, committed 21296K, reserved 1069056K
  class space    used 2544K, capacity 2658K, committed 2688K, reserved 1048576K
Event: 2.122 GC heap after
Heap after GC invocations=3 (full 1):
 PSYoungGen      total 37888K, used 0K [0x00000000fab00000, 0x00000000ff500000, 0x0000000100000000)
  eden space 32768K, 0% used [0x00000000fab00000,0x00000000fab00000,0x00000000fcb00000)
  from space 5120K, 0% used [0x00000000fd000000,0x00000000fd000000,0x00000000fd500000)
  to   space 5120K, 0% used [0x00000000fcb00000,0x00000000fcb00000,0x00000000fd000000)
 ParOldGen       total 41472K, used 4783K [0x00000000f0000000, 0x00000000f2880000, 0x00000000fab00000)
  object space 41472K, 11% used [0x00000000f0000000,0x00000000f04abf98,0x00000000f2880000)
 Metaspace       used 20739K, capacity 21096K, committed 21296K, reserved 1069056K
  class space    used 2544K, capacity 2658K, committed 2688K, reserved 1048576K
}
Event: 33.834 GC heap before
{Heap before GC invocations=4 (full 1):
 PSYoungGen      total 37888K, used 32768K [0x00000000fab00000, 0x00000000ff500000, 0x0000000100000000)
  eden space 32768K, 100% used [0x00000000fab00000,0x00000000fcb00000,0x00000000fcb00000)
  from space 5120K, 0% used [0x00000000fd000000,0x00000000fd000000,0x00000000fd500000)
  to   space 5120K, 0% used [0x00000000fcb00000,0x00000000fcb00000,0x00000000fd000000)
 ParOldGen       total 41472K, used 4783K [0x00000000f0000000, 0x00000000f2880000, 0x00000000fab00000)
  object space 41472K, 11% used [0x00000000f0000000,0x00000000f04abf98,0x00000000f2880000)
 Metaspace       used 22288K, capacity 22648K, committed 22960K, reserved 1069056K
  class space    used 2666K, capacity 2788K, committed 2816K, reserved 1048576K
Event: 33.836 GC heap after
Heap after GC invocations=4 (full 1):
 PSYoungGen      total 37888K, used 1974K [0x00000000fab00000, 0x00000000ff400000, 0x0000000100000000)
  eden space 32768K, 0% used [0x00000000fab00000,0x00000000fab00000,0x00000000fcb00000)
  from space 5120K, 38% used [0x00000000fcb00000,0x00000000fccedba8,0x00000000fd000000)
  to   space 5120K, 0% used [0x00000000fef00000,0x00000000fef00000,0x00000000ff400000)
 ParOldGen       total 41472K, used 4791K [0x00000000f0000000, 0x00000000f2880000, 0x00000000fab00000)
  object space 41472K, 11% used [0x00000000f0000000,0x00000000f04adf98,0x00000000f2880000)
 Metaspace       used 22288K, capacity 22648K, committed 22960K, reserved 1069056K
  class space    used 2666K, capacity 2788K, committed 2816K, reserved 1048576K
}
Event: 36.161 GC heap before
{Heap before GC invocations=5 (full 1):
 PSYoungGen      total 37888K, used 34742K [0x00000000fab00000, 0x00000000ff400000, 0x0000000100000000)
  eden space 32768K, 100% used [0x00000000fab00000,0x00000000fcb00000,0x00000000fcb00000)
  from space 5120K, 38% used [0x00000000fcb00000,0x00000000fccedba8,0x00000000fd000000)
  to   space 5120K, 0% used [0x00000000fef00000,0x00000000fef00000,0x00000000ff400000)
 ParOldGen       total 41472K, used 4791K [0x00000000f0000000, 0x00000000f2880000, 0x00000000fab00000)
  object space 41472K, 11% used [0x00000000f0000000,0x00000000f04adf98,0x00000000f2880000)
 Metaspace       used 23729K, capacity 24172K, committed 24320K, reserved 1071104K
  class space    used 2795K, capacity 2946K, committed 3072K, reserved 1048576K
Event: 36.166 GC heap after
Heap after GC invocations=5 (full 1):
 PSYoungGen      total 69632K, used 4836K [0x00000000fab00000, 0x00000000ff400000, 0x0000000100000000)
  eden space 64512K, 0% used [0x00000000fab00000,0x00000000fab00000,0x00000000fea00000)
  from space 5120K, 94% used [0x00000000fef00000,0x00000000ff3b90d8,0x00000000ff400000)
  to   space 5120K, 0% used [0x00000000fea00000,0x00000000fea00000,0x00000000fef00000)
 ParOldGen       total 41472K, used 4799K [0x00000000f0000000, 0x00000000f2880000, 0x00000000fab00000)
  object space 41472K, 11% used [0x00000000f0000000,0x00000000f04aff98,0x00000000f2880000)
 Metaspace       used 23729K, capacity 24172K, committed 24320K, reserved 1071104K
  class space    used 2795K, capacity 2946K, committed 3072K, reserved 1048576K
}
Event: 39.643 GC heap before
{Heap before GC invocations=6 (full 1):
 PSYoungGen      total 69632K, used 69348K [0x00000000fab00000, 0x00000000ff400000, 0x0000000100000000)
  eden space 64512K, 100% used [0x00000000fab00000,0x00000000fea00000,0x00000000fea00000)
  from space 5120K, 94% used [0x00000000fef00000,0x00000000ff3b90d8,0x00000000ff400000)
  to   space 5120K, 0% used [0x00000000fea00000,0x00000000fea00000,0x00000000fef00000)
 ParOldGen       total 41472K, used 4799K [0x00000000f0000000, 0x00000000f2880000, 0x00000000fab00000)
  object space 41472K, 11% used [0x00000000f0000000,0x00000000f04aff98,0x00000000f2880000)
 Metaspace       used 24115K, capacity 24568K, committed 24832K, reserved 1071104K
  class space    used 2802K, capacity 2948K, committed 3072K, reserved 1048576K
Event: 39.647 GC heap after
Heap after GC invocations=6 (full 1):
 PSYoungGen      total 69632K, used 5102K [0x00000000fab00000, 0x0000000100000000, 0x0000000100000000)
  eden space 64512K, 0% used [0x00000000fab00000,0x00000000fab00000,0x00000000fea00000)
  from space 5120K, 99% used [0x00000000fea00000,0x00000000feefbbe8,0x00000000fef00000)
  to   space 8192K, 0% used [0x00000000ff800000,0x00000000ff800000,0x0000000100000000)
 ParOldGen       total 41472K, used 5619K [0x00000000f0000000, 0x00000000f2880000, 0x00000000fab00000)
  object space 41472K, 13% used [0x00000000f0000000,0x00000000f057cee0,0x00000000f2880000)
 Metaspace       used 24115K, capacity 24568K, committed 24832K, reserved 1071104K
  class space    used 2802K, capacity 2948K, committed 3072K, reserved 1048576K
}

